# JRE version: OpenJDK Runtime Environment Temurin-17.0.14+7 (17.0.14+7) (build 17.0.14+7)
# Java VM: OpenJDK 64-Bit Server VM Temurin-17.0.14+7 (17.0.14+7, mixed mode, sharing, tiered, compressed oops, compressed class ptrs, g1 gc, windows-amd64)
GC Precious Log:
 CPUs: 8 total, 8 available
 Memory: 6005M
 Large Page Support: Disabled
 NUMA Support: Disabled
 Compressed Oops: Enabled (32-bit)
 Heap Region Size: 1M
 Heap Min Capacity: 8M
 Heap Initial Capacity: 94M
 Heap Max Capacity: 2G
 Pre-touch: Disabled
 Parallel Workers: 8
 Concurrent Workers: 2
 Concurrent Refinement Workers: 8
 Periodic GC: Disabled
Heap:
 garbage-first heap   total 362496K, used 179107K [0x0000000080000000, 0x0000000100000000)
  region size 1024K, 3 young (3072K), 3 survivors (3072K)
 Metaspace       used 108986K, committed 110016K, reserved 1179648K
  class space    used 14666K, committed 15168K, reserved 1048576K
GC Heap History (20 events):
Event: 119.688 GC heap after
{Heap after GC invocations=54 (full 0):
 garbage-first heap   total 294912K, used 206613K [0x0000000080000000, 0x0000000100000000)
  region size 1024K, 6 young (6144K), 6 survivors (6144K)
 Metaspace       used 103908K, committed 104960K, reserved 1179648K
  class space    used 14006K, committed 14528K, reserved 1048576K
}
Event: 119.898 GC heap before
{Heap before GC invocations=54 (full 0):
 garbage-first heap   total 294912K, used 242453K [0x0000000080000000, 0x0000000100000000)
  region size 1024K, 41 young (41984K), 6 survivors (6144K)
 Metaspace       used 103921K, committed 104960K, reserved 1179648K
  class space    used 14006K, committed 14528K, reserved 1048576K
}
Event: 119.904 GC heap after
{Heap after GC invocations=55 (full 0):
 garbage-first heap   total 294912K, used 208917K [0x0000000080000000, 0x0000000100000000)
  region size 1024K, 3 young (3072K), 3 survivors (3072K)
 Metaspace       used 103921K, committed 104960K, reserved 1179648K
  class space    used 14006K, committed 14528K, reserved 1048576K
}
Event: 120.172 GC heap before
{Heap before GC invocations=55 (full 0):
 garbage-first heap   total 294912K, used 244757K [0x0000000080000000, 0x0000000100000000)
  region size 1024K, 39 young (39936K), 3 survivors (3072K)
 Metaspace       used 103978K, committed 105024K, reserved 1179648K
  class space    used 14009K, committed 14528K, reserved 1048576K
}
Event: 120.178 GC heap after
{Heap after GC invocations=56 (full 0):
 garbage-first heap   total 294912K, used 211431K [0x0000000080000000, 0x0000000100000000)
  region size 1024K, 5 young (5120K), 5 survivors (5120K)
 Metaspace       used 103978K, committed 105024K, reserved 1179648K
  class space    used 14009K, committed 14528K, reserved 1048576K
}
Event: 120.414 GC heap before
{Heap before GC invocations=56 (full 0):
 garbage-first heap   total 294912K, used 247271K [0x0000000080000000, 0x0000000100000000)
  region size 1024K, 41 young (41984K), 5 survivors (5120K)
 Metaspace       used 104039K, committed 105088K, reserved 1179648K
  class space    used 14009K, committed 14528K, reserved 1048576K
}
Event: 120.422 GC heap after
{Heap after GC invocations=57 (full 0):
 garbage-first heap   total 294912K, used 216592K [0x0000000080000000, 0x0000000100000000)
  region size 1024K, 6 young (6144K), 6 survivors (6144K)
 Metaspace       used 104039K, committed 105088K, reserved 1179648K
  class space    used 14009K, committed 14528K, reserved 1048576K
}
Event: 121.019 GC heap before
{Heap before GC invocations=57 (full 0):
 garbage-first heap   total 294912K, used 248336K [0x0000000080000000, 0x0000000100000000)
  region size 1024K, 38 young (38912K), 6 survivors (6144K)
 Metaspace       used 104163K, committed 105216K, reserved 1179648K
  class space    used 14009K, committed 14528K, reserved 1048576K
}
Event: 121.023 GC heap after
{Heap after GC invocations=58 (full 0):
 garbage-first heap   total 294912K, used 212478K [0x0000000080000000, 0x0000000100000000)
  region size 1024K, 1 young (1024K), 1 survivors (1024K)
 Metaspace       used 104163K, committed 105216K, reserved 1179648K
  class space    used 14009K, committed 14528K, reserved 1048576K
}
Event: 122.086 GC heap before
{Heap before GC invocations=58 (full 0):
 garbage-first heap   total 294912K, used 251390K [0x0000000080000000, 0x0000000100000000)
  region size 1024K, 39 young (39936K), 1 survivors (1024K)
 Metaspace       used 104803K, committed 105792K, reserved 1179648K
  class space    used 14074K, committed 14592K, reserved 1048576K
}
Event: 122.091 GC heap after
{Heap after GC invocations=59 (full 0):
 garbage-first heap   total 294912K, used 215303K [0x0000000080000000, 0x0000000100000000)
  region size 1024K, 3 young (3072K), 3 survivors (3072K)
 Metaspace       used 104803K, committed 105792K, reserved 1179648K
  class space    used 14074K, committed 14592K, reserved 1048576K
}
Event: 123.045 GC heap before
{Heap before GC invocations=59 (full 0):
 garbage-first heap   total 294912K, used 252167K [0x0000000080000000, 0x0000000100000000)
  region size 1024K, 40 young (40960K), 3 survivors (3072K)
 Metaspace       used 105976K, committed 107008K, reserved 1179648K
  class space    used 14207K, committed 14720K, reserved 1048576K
}
Event: 123.052 GC heap after
{Heap after GC invocations=60 (full 0):
 garbage-first heap   total 294912K, used 215637K [0x0000000080000000, 0x0000000100000000)
  region size 1024K, 4 young (4096K), 4 survivors (4096K)
 Metaspace       used 105976K, committed 107008K, reserved 1179648K
  class space    used 14207K, committed 14720K, reserved 1048576K
}
Event: 124.220 GC heap before
{Heap before GC invocations=60 (full 0):
 garbage-first heap   total 294912K, used 265813K [0x0000000080000000, 0x0000000100000000)
  region size 1024K, 41 young (41984K), 4 survivors (4096K)
 Metaspace       used 106707K, committed 107712K, reserved 1179648K
  class space    used 14288K, committed 14784K, reserved 1048576K
}
Event: 124.226 GC heap after
{Heap after GC invocations=61 (full 0):
 garbage-first heap   total 294912K, used 235666K [0x0000000080000000, 0x0000000100000000)
  region size 1024K, 6 young (6144K), 6 survivors (6144K)
 Metaspace       used 106707K, committed 107712K, reserved 1179648K
  class space    used 14288K, committed 14784K, reserved 1048576K
}
Event: 124.327 GC heap before
{Heap before GC invocations=61 (full 0):
 garbage-first heap   total 294912K, used 245906K [0x0000000080000000, 0x0000000100000000)
  region size 1024K, 9 young (9216K), 6 survivors (6144K)
 Metaspace       used 106708K, committed 107712K, reserved 1179648K
  class space    used 14288K, committed 14784K, reserved 1048576K
}
Event: 124.341 GC heap after
{Heap after GC invocations=62 (full 0):
 garbage-first heap   total 294912K, used 247926K [0x0000000080000000, 0x0000000100000000)
  region size 1024K, 3 young (3072K), 3 survivors (3072K)
 Metaspace       used 106708K, committed 107712K, reserved 1179648K
  class space    used 14288K, committed 14784K, reserved 1048576K
}
Event: 124.926 GC heap before
{Heap before GC invocations=63 (full 0):
 garbage-first heap   total 362496K, used 220278K [0x0000000080000000, 0x0000000100000000)
  region size 1024K, 14 young (14336K), 3 survivors (3072K)
 Metaspace       used 107286K, committed 108352K, reserved 1179648K
  class space    used 14393K, committed 14912K, reserved 1048576K
}
Event: 125.014 GC heap after
{Heap after GC invocations=64 (full 0):
 garbage-first heap   total 362496K, used 215328K [0x0000000080000000, 0x0000000100000000)
  region size 1024K, 2 young (2048K), 2 survivors (2048K)
 Metaspace       used 107286K, committed 108352K, reserved 1179648K
  class space    used 14393K, committed 14912K, reserved 1048576K
}
Event: 125.576 GC heap before
{Heap before GC invocations=64 (full 0):
 garbage-first heap   total 362496K, used 229664K [0x0000000080000000, 0x0000000100000000)
  region size 1024K, 17 young (17408K), 2 survivors (2048K)
 Metaspace       used 108986K, committed 110016K, reserved 1179648K
  class space    used 14666K, committed 15168K, reserved 1048576K
}

