# JRE version: OpenJDK Runtime Environment Temurin-17.0.14+7 (17.0.14+7) (build 17.0.14+7)
# Java VM: OpenJDK 64-Bit Server VM Temurin-17.0.14+7 (17.0.14+7, mixed mode, sharing, tiered, compressed oops, compressed class ptrs, g1 gc, windows-amd64)
GC Precious Log:
 CPUs: 8 total, 8 available
 Memory: 6005M
 Large Page Support: Disabled
 NUMA Support: Disabled
 Compressed Oops: Enabled (32-bit)
 Heap Region Size: 1M
 Heap Min Capacity: 8M
 Heap Initial Capacity: 94M
 Heap Max Capacity: 2G
 Pre-touch: Disabled
 Parallel Workers: 8
 Concurrent Workers: 2
 Concurrent Refinement Workers: 8
 Periodic GC: Disabled
Heap:
 garbage-first heap   total 267264K, used 177477K [0x0000000080000000, 0x0000000100000000)
  region size 1024K, 6 young (6144K), 6 survivors (6144K)
 Metaspace       used 152570K, committed 153664K, reserved 1245184K
  class space    used 19857K, committed 20416K, reserved 1048576K
GC Heap History (20 events):
Event: 39.560 GC heap after
{Heap after GC invocations=47 (full 0):
 garbage-first heap   total 261120K, used 128737K [0x0000000080000000, 0x0000000100000000)
  region size 1024K, 12 young (12288K), 12 survivors (12288K)
 Metaspace       used 143467K, committed 144448K, reserved 1179648K
  class space    used 18908K, committed 19392K, reserved 1048576K
}
Event: 41.175 GC heap before
{Heap before GC invocations=47 (full 0):
 garbage-first heap   total 261120K, used 229089K [0x0000000080000000, 0x0000000100000000)
  region size 1024K, 98 young (100352K), 12 survivors (12288K)
 Metaspace       used 146436K, committed 147456K, reserved 1179648K
  class space    used 19172K, committed 19648K, reserved 1048576K
}
Event: 41.212 GC heap after
{Heap after GC invocations=48 (full 0):
 garbage-first heap   total 267264K, used 153216K [0x0000000080000000, 0x0000000100000000)
  region size 1024K, 13 young (13312K), 13 survivors (13312K)
 Metaspace       used 146436K, committed 147456K, reserved 1179648K
  class space    used 19172K, committed 19648K, reserved 1048576K
}
Event: 42.106 GC heap before
{Heap before GC invocations=48 (full 0):
 garbage-first heap   total 267264K, used 208512K [0x0000000080000000, 0x0000000100000000)
  region size 1024K, 65 young (66560K), 13 survivors (13312K)
 Metaspace       used 146894K, committed 147904K, reserved 1179648K
  class space    used 19220K, committed 19712K, reserved 1048576K
}
Event: 42.122 GC heap after
{Heap after GC invocations=49 (full 0):
 garbage-first heap   total 267264K, used 159144K [0x0000000080000000, 0x0000000100000000)
  region size 1024K, 6 young (6144K), 6 survivors (6144K)
 Metaspace       used 146894K, committed 147904K, reserved 1179648K
  class space    used 19220K, committed 19712K, reserved 1048576K
}
Event: 43.150 GC heap before
{Heap before GC invocations=49 (full 0):
 garbage-first heap   total 267264K, used 209320K [0x0000000080000000, 0x0000000100000000)
  region size 1024K, 56 young (57344K), 6 survivors (6144K)
 Metaspace       used 148634K, committed 149696K, reserved 1179648K
  class space    used 19407K, committed 19904K, reserved 1048576K
}
Event: 43.158 GC heap after
{Heap after GC invocations=50 (full 0):
 garbage-first heap   total 267264K, used 162272K [0x0000000080000000, 0x0000000100000000)
  region size 1024K, 5 young (5120K), 5 survivors (5120K)
 Metaspace       used 148634K, committed 149696K, reserved 1179648K
  class space    used 19407K, committed 19904K, reserved 1048576K
}
Event: 43.616 GC heap before
{Heap before GC invocations=50 (full 0):
 garbage-first heap   total 267264K, used 212448K [0x0000000080000000, 0x0000000100000000)
  region size 1024K, 55 young (56320K), 5 survivors (5120K)
 Metaspace       used 149028K, committed 150080K, reserved 1179648K
  class space    used 19462K, committed 19968K, reserved 1048576K
}
Event: 43.624 GC heap after
{Heap after GC invocations=51 (full 0):
 garbage-first heap   total 267264K, used 164864K [0x0000000080000000, 0x0000000100000000)
  region size 1024K, 4 young (4096K), 4 survivors (4096K)
 Metaspace       used 149028K, committed 150080K, reserved 1179648K
  class space    used 19462K, committed 19968K, reserved 1048576K
}
Event: 43.800 GC heap before
{Heap before GC invocations=51 (full 0):
 garbage-first heap   total 267264K, used 187392K [0x0000000080000000, 0x0000000100000000)
  region size 1024K, 28 young (28672K), 4 survivors (4096K)
 Metaspace       used 149068K, committed 150144K, reserved 1179648K
  class space    used 19467K, committed 19968K, reserved 1048576K
}
Event: 44.097 GC heap after
{Heap after GC invocations=52 (full 1):
 garbage-first heap   total 267264K, used 118646K [0x0000000080000000, 0x0000000100000000)
  region size 1024K, 0 young (0K), 0 survivors (0K)
 Metaspace       used 149068K, committed 150144K, reserved 1179648K
  class space    used 19467K, committed 19968K, reserved 1048576K
}
Event: 94.205 GC heap before
{Heap before GC invocations=52 (full 1):
 garbage-first heap   total 267264K, used 198518K [0x0000000080000000, 0x0000000100000000)
  region size 1024K, 78 young (79872K), 0 survivors (0K)
 Metaspace       used 151121K, committed 152256K, reserved 1245184K
  class space    used 19764K, committed 20288K, reserved 1048576K
}
Event: 94.239 GC heap after
{Heap after GC invocations=53 (full 1):
 garbage-first heap   total 267264K, used 123342K [0x0000000080000000, 0x0000000100000000)
  region size 1024K, 5 young (5120K), 5 survivors (5120K)
 Metaspace       used 151121K, committed 152256K, reserved 1245184K
  class space    used 19764K, committed 20288K, reserved 1048576K
}
Event: 97.942 GC heap before
{Heap before GC invocations=53 (full 1):
 garbage-first heap   total 267264K, used 203214K [0x0000000080000000, 0x0000000100000000)
  region size 1024K, 83 young (84992K), 5 survivors (5120K)
 Metaspace       used 152092K, committed 153280K, reserved 1245184K
  class space    used 19846K, committed 20416K, reserved 1048576K
}
Event: 97.996 GC heap after
{Heap after GC invocations=54 (full 1):
 garbage-first heap   total 267264K, used 131705K [0x0000000080000000, 0x0000000100000000)
  region size 1024K, 11 young (11264K), 11 survivors (11264K)
 Metaspace       used 152092K, committed 153280K, reserved 1245184K
  class space    used 19846K, committed 20416K, reserved 1048576K
}
Event: 100.335 GC heap before
{Heap before GC invocations=54 (full 1):
 garbage-first heap   total 267264K, used 214649K [0x0000000080000000, 0x0000000100000000)
  region size 1024K, 84 young (86016K), 11 survivors (11264K)
 Metaspace       used 152298K, committed 153472K, reserved 1245184K
  class space    used 19846K, committed 20416K, reserved 1048576K
}
Event: 100.433 GC heap after
{Heap after GC invocations=55 (full 1):
 garbage-first heap   total 267264K, used 154626K [0x0000000080000000, 0x0000000100000000)
  region size 1024K, 11 young (11264K), 11 survivors (11264K)
 Metaspace       used 152298K, committed 153472K, reserved 1245184K
  class space    used 19846K, committed 20416K, reserved 1048576K
}
Event: 101.611 GC heap before
{Heap before GC invocations=55 (full 1):
 garbage-first heap   total 267264K, used 211970K [0x0000000080000000, 0x0000000100000000)
  region size 1024K, 60 young (61440K), 11 survivors (11264K)
 Metaspace       used 152438K, committed 153600K, reserved 1245184K
  class space    used 19850K, committed 20416K, reserved 1048576K
}
Event: 101.642 GC heap after
{Heap after GC invocations=56 (full 1):
 garbage-first heap   total 267264K, used 170622K [0x0000000080000000, 0x0000000100000000)
  region size 1024K, 8 young (8192K), 8 survivors (8192K)
 Metaspace       used 152438K, committed 153600K, reserved 1245184K
  class space    used 19850K, committed 20416K, reserved 1048576K
}
Event: 102.552 GC heap before
{Heap before GC invocations=56 (full 1):
 garbage-first heap   total 267264K, used 208510K [0x0000000080000000, 0x0000000100000000)
  region size 1024K, 46 young (47104K), 8 survivors (8192K)
 Metaspace       used 152570K, committed 153664K, reserved 1245184K
  class space    used 19857K, committed 20416K, reserved 1048576K
}

