# JRE version: OpenJDK Runtime Environment Temurin-17.0.14+7 (17.0.14+7) (build 17.0.14+7)
# Java VM: OpenJDK 64-Bit Server VM Temurin-17.0.14+7 (17.0.14+7, mixed mode, sharing, tiered, compressed oops, compressed class ptrs, g1 gc, windows-amd64)
GC Precious Log:
 CPUs: 8 total, 8 available
 Memory: 6005M
 Large Page Support: Disabled
 NUMA Support: Disabled
 Compressed Oops: Enabled (32-bit)
 Heap Region Size: 1M
 Heap Min Capacity: 8M
 Heap Initial Capacity: 94M
 Heap Max Capacity: 2G
 Pre-touch: Disabled
 Parallel Workers: 8
 Concurrent Workers: 2
 Concurrent Refinement Workers: 8
 Periodic GC: Disabled
Heap:
 garbage-first heap   total 437248K, used 292725K [0x0000000080000000, 0x0000000100000000)
  region size 1024K, 58 young (59392K), 8 survivors (8192K)
 Metaspace       used 110736K, committed 111808K, reserved 1179648K
  class space    used 14885K, committed 15424K, reserved 1048576K
GC Heap History (20 events):
Event: 128.008 GC heap before
{Heap before GC invocations=52 (full 6):
 garbage-first heap   total 297984K, used 227383K [0x0000000080000000, 0x0000000100000000)
  region size 1024K, 60 young (61440K), 3 survivors (3072K)
 Metaspace       used 104184K, committed 105216K, reserved 1179648K
  class space    used 14071K, committed 14592K, reserved 1048576K
}
Event: 128.013 GC heap after
{Heap after GC invocations=53 (full 6):
 garbage-first heap   total 297984K, used 170880K [0x0000000080000000, 0x0000000100000000)
  region size 1024K, 4 young (4096K), 4 survivors (4096K)
 Metaspace       used 104184K, committed 105216K, reserved 1179648K
  class space    used 14071K, committed 14592K, reserved 1048576K
}
Event: 128.445 GC heap before
{Heap before GC invocations=53 (full 6):
 garbage-first heap   total 297984K, used 232320K [0x0000000080000000, 0x0000000100000000)
  region size 1024K, 65 young (66560K), 4 survivors (4096K)
 Metaspace       used 104716K, committed 105664K, reserved 1179648K
  class space    used 14114K, committed 14592K, reserved 1048576K
}
Event: 128.455 GC heap after
{Heap after GC invocations=54 (full 6):
 garbage-first heap   total 297984K, used 178070K [0x0000000080000000, 0x0000000100000000)
  region size 1024K, 9 young (9216K), 9 survivors (9216K)
 Metaspace       used 104716K, committed 105664K, reserved 1179648K
  class space    used 14114K, committed 14592K, reserved 1048576K
}
Event: 129.612 GC heap before
{Heap before GC invocations=54 (full 6):
 garbage-first heap   total 297984K, used 236438K [0x0000000080000000, 0x0000000100000000)
  region size 1024K, 67 young (68608K), 9 survivors (9216K)
 Metaspace       used 105673K, committed 106752K, reserved 1179648K
  class space    used 14202K, committed 14784K, reserved 1048576K
}
Event: 129.626 GC heap after
{Heap after GC invocations=55 (full 6):
 garbage-first heap   total 297984K, used 176548K [0x0000000080000000, 0x0000000100000000)
  region size 1024K, 4 young (4096K), 4 survivors (4096K)
 Metaspace       used 105673K, committed 106752K, reserved 1179648K
  class space    used 14202K, committed 14784K, reserved 1048576K
}
Event: 130.987 GC heap before
{Heap before GC invocations=55 (full 6):
 garbage-first heap   total 297984K, used 240036K [0x0000000080000000, 0x0000000100000000)
  region size 1024K, 66 young (67584K), 4 survivors (4096K)
 Metaspace       used 106309K, committed 107392K, reserved 1179648K
  class space    used 14269K, committed 14848K, reserved 1048576K
}
Event: 130.997 GC heap after
{Heap after GC invocations=56 (full 6):
 garbage-first heap   total 297984K, used 178665K [0x0000000080000000, 0x0000000100000000)
  region size 1024K, 6 young (6144K), 6 survivors (6144K)
 Metaspace       used 106309K, committed 107392K, reserved 1179648K
  class space    used 14269K, committed 14848K, reserved 1048576K
}
Event: 131.659 GC heap before
{Heap before GC invocations=56 (full 6):
 garbage-first heap   total 297984K, used 241129K [0x0000000080000000, 0x0000000100000000)
  region size 1024K, 68 young (69632K), 6 survivors (6144K)
 Metaspace       used 107140K, committed 108224K, reserved 1179648K
  class space    used 14365K, committed 14912K, reserved 1048576K
}
Event: 131.671 GC heap after
{Heap after GC invocations=57 (full 6):
 garbage-first heap   total 297984K, used 181837K [0x0000000080000000, 0x0000000100000000)
  region size 1024K, 8 young (8192K), 8 survivors (8192K)
 Metaspace       used 107140K, committed 108224K, reserved 1179648K
  class space    used 14365K, committed 14912K, reserved 1048576K
}
Event: 132.070 GC heap before
{Heap before GC invocations=57 (full 6):
 garbage-first heap   total 297984K, used 215629K [0x0000000080000000, 0x0000000100000000)
  region size 1024K, 21 young (21504K), 8 survivors (8192K)
 Metaspace       used 107308K, committed 108416K, reserved 1179648K
  class space    used 14389K, committed 14976K, reserved 1048576K
}
Event: 132.099 GC heap after
{Heap after GC invocations=58 (full 6):
 garbage-first heap   total 297984K, used 213020K [0x0000000080000000, 0x0000000100000000)
  region size 1024K, 9 young (9216K), 9 survivors (9216K)
 Metaspace       used 107308K, committed 108416K, reserved 1179648K
  class space    used 14389K, committed 14976K, reserved 1048576K
}
Event: 133.623 GC heap before
{Heap before GC invocations=59 (full 6):
 garbage-first heap   total 343040K, used 244764K [0x0000000080000000, 0x0000000100000000)
  region size 1024K, 43 young (44032K), 9 survivors (9216K)
 Metaspace       used 110424K, committed 111552K, reserved 1179648K
  class space    used 14845K, committed 15424K, reserved 1048576K
}
Event: 133.641 GC heap after
{Heap after GC invocations=60 (full 6):
 garbage-first heap   total 343040K, used 209012K [0x0000000080000000, 0x0000000100000000)
  region size 1024K, 6 young (6144K), 6 survivors (6144K)
 Metaspace       used 110424K, committed 111552K, reserved 1179648K
  class space    used 14845K, committed 15424K, reserved 1048576K
}
Event: 133.752 GC heap before
{Heap before GC invocations=60 (full 6):
 garbage-first heap   total 343040K, used 234612K [0x0000000080000000, 0x0000000100000000)
  region size 1024K, 16 young (16384K), 6 survivors (6144K)
 Metaspace       used 110431K, committed 111552K, reserved 1179648K
  class space    used 14845K, committed 15424K, reserved 1048576K
}
Event: 133.762 GC heap after
{Heap after GC invocations=61 (full 6):
 garbage-first heap   total 343040K, used 187972K [0x0000000080000000, 0x0000000100000000)
  region size 1024K, 2 young (2048K), 2 survivors (2048K)
 Metaspace       used 110431K, committed 111552K, reserved 1179648K
  class space    used 14845K, committed 15424K, reserved 1048576K
}
Event: 134.030 GC heap before
{Heap before GC invocations=61 (full 6):
 garbage-first heap   total 343040K, used 245316K [0x0000000080000000, 0x0000000100000000)
  region size 1024K, 16 young (16384K), 2 survivors (2048K)
 Metaspace       used 110432K, committed 111552K, reserved 1179648K
  class space    used 14845K, committed 15424K, reserved 1048576K
}
Event: 134.045 GC heap after
{Heap after GC invocations=62 (full 6):
 garbage-first heap   total 343040K, used 205212K [0x0000000080000000, 0x0000000100000000)
  region size 1024K, 2 young (2048K), 2 survivors (2048K)
 Metaspace       used 110432K, committed 111552K, reserved 1179648K
  class space    used 14845K, committed 15424K, reserved 1048576K
}
Event: 134.626 GC heap before
{Heap before GC invocations=62 (full 6):
 garbage-first heap   total 343040K, used 285084K [0x0000000080000000, 0x0000000100000000)
  region size 1024K, 57 young (58368K), 2 survivors (2048K)
 Metaspace       used 110736K, committed 111808K, reserved 1179648K
  class space    used 14885K, committed 15424K, reserved 1048576K
}
Event: 134.680 GC heap after
{Heap after GC invocations=63 (full 6):
 garbage-first heap   total 437248K, used 237429K [0x0000000080000000, 0x0000000100000000)
  region size 1024K, 8 young (8192K), 8 survivors (8192K)
 Metaspace       used 110736K, committed 111808K, reserved 1179648K
  class space    used 14885K, committed 15424K, reserved 1048576K
}

