# JRE version: OpenJDK Runtime Environment Temurin-17.0.14+7 (17.0.14+7) (build 17.0.14+7)
# Java VM: OpenJDK 64-Bit Server VM Temurin-17.0.14+7 (17.0.14+7, mixed mode, sharing, tiered, compressed oops, compressed class ptrs, g1 gc, windows-amd64)
GC Precious Log:
 CPUs: 8 total, 8 available
 Memory: 6005M
 Large Page Support: Disabled
 NUMA Support: Disabled
 Compressed Oops: Enabled (32-bit)
 Heap Region Size: 1M
 Heap Min Capacity: 8M
 Heap Initial Capacity: 94M
 Heap Max Capacity: 2G
 Pre-touch: Disabled
 Parallel Workers: 8
 Concurrent Workers: 2
 Concurrent Refinement Workers: 8
 Periodic GC: Disabled
Heap:
 garbage-first heap   total 471040K, used 289658K [0x0000000080000000, 0x0000000100000000)
  region size 1024K, 3 young (3072K), 3 survivors (3072K)
 Metaspace       used 92542K, committed 93440K, reserved 1179648K
  class space    used 13245K, committed 13696K, reserved 1048576K
GC Heap History (20 events):
Event: 26.507 GC heap after
{Heap after GC invocations=35 (full 0):
 garbage-first heap   total 235520K, used 125308K [0x0000000080000000, 0x0000000100000000)
  region size 1024K, 1 young (1024K), 1 survivors (1024K)
 Metaspace       used 86796K, committed 87680K, reserved 1179648K
  class space    used 12190K, committed 12608K, reserved 1048576K
}
Event: 27.611 GC heap before
{Heap before GC invocations=36 (full 0):
 garbage-first heap   total 242688K, used 229756K [0x0000000080000000, 0x0000000100000000)
  region size 1024K, 53 young (54272K), 1 survivors (1024K)
 Metaspace       used 89661K, committed 90496K, reserved 1179648K
  class space    used 12650K, committed 13056K, reserved 1048576K
}
Event: 27.617 GC heap after
{Heap after GC invocations=37 (full 0):
 garbage-first heap   total 246784K, used 171898K [0x0000000080000000, 0x0000000100000000)
  region size 1024K, 9 young (9216K), 9 survivors (9216K)
 Metaspace       used 89661K, committed 90496K, reserved 1179648K
  class space    used 12650K, committed 13056K, reserved 1048576K
}
Event: 27.620 GC heap before
{Heap before GC invocations=37 (full 0):
 garbage-first heap   total 246784K, used 175994K [0x0000000080000000, 0x0000000100000000)
  region size 1024K, 12 young (12288K), 9 survivors (9216K)
 Metaspace       used 89661K, committed 90496K, reserved 1179648K
  class space    used 12650K, committed 13056K, reserved 1048576K
}
Event: 27.624 GC heap after
{Heap after GC invocations=38 (full 0):
 garbage-first heap   total 246784K, used 170137K [0x0000000080000000, 0x0000000100000000)
  region size 1024K, 2 young (2048K), 2 survivors (2048K)
 Metaspace       used 89661K, committed 90496K, reserved 1179648K
  class space    used 12650K, committed 13056K, reserved 1048576K
}
Event: 27.624 GC heap before
{Heap before GC invocations=38 (full 0):
 garbage-first heap   total 246784K, used 170137K [0x0000000080000000, 0x0000000100000000)
  region size 1024K, 3 young (3072K), 2 survivors (2048K)
 Metaspace       used 89661K, committed 90496K, reserved 1179648K
  class space    used 12650K, committed 13056K, reserved 1048576K
}
Event: 27.627 GC heap after
{Heap after GC invocations=39 (full 0):
 garbage-first heap   total 246784K, used 170565K [0x0000000080000000, 0x0000000100000000)
  region size 1024K, 2 young (2048K), 2 survivors (2048K)
 Metaspace       used 89661K, committed 90496K, reserved 1179648K
  class space    used 12650K, committed 13056K, reserved 1048576K
}
Event: 27.654 GC heap before
{Heap before GC invocations=39 (full 0):
 garbage-first heap   total 246784K, used 236101K [0x0000000080000000, 0x0000000100000000)
  region size 1024K, 15 young (15360K), 2 survivors (2048K)
 Metaspace       used 89664K, committed 90496K, reserved 1179648K
  class space    used 12650K, committed 13056K, reserved 1048576K
}
Event: 27.657 GC heap after
{Heap after GC invocations=40 (full 0):
 garbage-first heap   total 246784K, used 194368K [0x0000000080000000, 0x0000000100000000)
  region size 1024K, 4 young (4096K), 4 survivors (4096K)
 Metaspace       used 89664K, committed 90496K, reserved 1179648K
  class space    used 12650K, committed 13056K, reserved 1048576K
}
Event: 27.860 GC heap before
{Heap before GC invocations=41 (full 0):
 garbage-first heap   total 337920K, used 208704K [0x0000000080000000, 0x0000000100000000)
  region size 1024K, 17 young (17408K), 4 survivors (4096K)
 Metaspace       used 89913K, committed 90688K, reserved 1179648K
  class space    used 12690K, committed 13056K, reserved 1048576K
}
Event: 27.868 GC heap after
{Heap after GC invocations=42 (full 0):
 garbage-first heap   total 405504K, used 199391K [0x0000000080000000, 0x0000000100000000)
  region size 1024K, 3 young (3072K), 3 survivors (3072K)
 Metaspace       used 89913K, committed 90688K, reserved 1179648K
  class space    used 12690K, committed 13056K, reserved 1048576K
}
Event: 28.006 GC heap before
{Heap before GC invocations=42 (full 0):
 garbage-first heap   total 405504K, used 214751K [0x0000000080000000, 0x0000000100000000)
  region size 1024K, 19 young (19456K), 3 survivors (3072K)
 Metaspace       used 89916K, committed 90688K, reserved 1179648K
  class space    used 12690K, committed 13056K, reserved 1048576K
}
Event: 28.028 GC heap after
{Heap after GC invocations=43 (full 0):
 garbage-first heap   total 405504K, used 205819K [0x0000000080000000, 0x0000000100000000)
  region size 1024K, 3 young (3072K), 3 survivors (3072K)
 Metaspace       used 89916K, committed 90688K, reserved 1179648K
  class space    used 12690K, committed 13056K, reserved 1048576K
}
Event: 28.769 GC heap before
{Heap before GC invocations=43 (full 0):
 garbage-first heap   total 405504K, used 303099K [0x0000000080000000, 0x0000000100000000)
  region size 1024K, 88 young (90112K), 3 survivors (3072K)
 Metaspace       used 89936K, committed 90816K, reserved 1179648K
  class space    used 12692K, committed 13120K, reserved 1048576K
}
Event: 28.822 GC heap after
{Heap after GC invocations=44 (full 0):
 garbage-first heap   total 405504K, used 249722K [0x0000000080000000, 0x0000000100000000)
  region size 1024K, 11 young (11264K), 11 survivors (11264K)
 Metaspace       used 89936K, committed 90816K, reserved 1179648K
  class space    used 12692K, committed 13120K, reserved 1048576K
}
Event: 28.928 GC heap before
{Heap before GC invocations=44 (full 0):
 garbage-first heap   total 405504K, used 263034K [0x0000000080000000, 0x0000000100000000)
  region size 1024K, 25 young (25600K), 11 survivors (11264K)
 Metaspace       used 89936K, committed 90816K, reserved 1179648K
  class space    used 12692K, committed 13120K, reserved 1048576K
}
Event: 28.960 GC heap after
{Heap after GC invocations=45 (full 0):
 garbage-first heap   total 405504K, used 257846K [0x0000000080000000, 0x0000000100000000)
  region size 1024K, 6 young (6144K), 6 survivors (6144K)
 Metaspace       used 89936K, committed 90816K, reserved 1179648K
  class space    used 12692K, committed 13120K, reserved 1048576K
}
Event: 30.008 GC heap before
{Heap before GC invocations=46 (full 0):
 garbage-first heap   total 471040K, used 319286K [0x0000000080000000, 0x0000000100000000)
  region size 1024K, 59 young (60416K), 6 survivors (6144K)
 Metaspace       used 92480K, committed 93376K, reserved 1179648K
  class space    used 13244K, committed 13696K, reserved 1048576K
}
Event: 30.045 GC heap after
{Heap after GC invocations=47 (full 0):
 garbage-first heap   total 471040K, used 282822K [0x0000000080000000, 0x0000000100000000)
  region size 1024K, 8 young (8192K), 8 survivors (8192K)
 Metaspace       used 92480K, committed 93376K, reserved 1179648K
  class space    used 13244K, committed 13696K, reserved 1048576K
}
Event: 30.160 GC heap before
{Heap before GC invocations=47 (full 0):
 garbage-first heap   total 471040K, used 298182K [0x0000000080000000, 0x0000000100000000)
  region size 1024K, 23 young (23552K), 8 survivors (8192K)
 Metaspace       used 92542K, committed 93440K, reserved 1179648K
  class space    used 13245K, committed 13696K, reserved 1048576K
}

