# JRE version: OpenJDK Runtime Environment Temurin-17.0.14+7 (17.0.14+7) (build 17.0.14+7)
# Java VM: OpenJDK 64-Bit Server VM Temurin-17.0.14+7 (17.0.14+7, mixed mode, sharing, tiered, compressed oops, compressed class ptrs, g1 gc, windows-amd64)
GC Precious Log:
 CPUs: 8 total, 8 available
 Memory: 6005M
 Large Page Support: Disabled
 NUMA Support: Disabled
 Compressed Oops: Enabled (32-bit)
 Heap Region Size: 1M
 Heap Min Capacity: 8M
 Heap Initial Capacity: 94M
 Heap Max Capacity: 2G
 Pre-touch: Disabled
 Parallel Workers: 8
 Concurrent Workers: 2
 Concurrent Refinement Workers: 8
 Periodic GC: Disabled
Heap:
 garbage-first heap   total 153600K, used 91177K [0x0000000080000000, 0x0000000100000000)
  region size 1024K, 3 young (3072K), 3 survivors (3072K)
 Metaspace       used 89149K, committed 90048K, reserved 1179648K
  class space    used 12474K, committed 12928K, reserved 1048576K
GC Heap History (20 events):
Event: 19.833 GC heap after
{Heap after GC invocations=33 (full 0):
 garbage-first heap   total 153600K, used 71142K [0x0000000080000000, 0x0000000100000000)
  region size 1024K, 2 young (2048K), 2 survivors (2048K)
 Metaspace       used 68654K, committed 69248K, reserved 1114112K
  class space    used 9500K, committed 9792K, reserved 1048576K
}
Event: 20.904 GC heap before
{Heap before GC invocations=33 (full 0):
 garbage-first heap   total 153600K, used 118246K [0x0000000080000000, 0x0000000100000000)
  region size 1024K, 48 young (49152K), 2 survivors (2048K)
 Metaspace       used 72273K, committed 72896K, reserved 1114112K
  class space    used 10150K, committed 10432K, reserved 1048576K
}
Event: 20.910 GC heap after
{Heap after GC invocations=34 (full 0):
 garbage-first heap   total 153600K, used 72484K [0x0000000080000000, 0x0000000100000000)
  region size 1024K, 3 young (3072K), 3 survivors (3072K)
 Metaspace       used 72273K, committed 72896K, reserved 1114112K
  class space    used 10150K, committed 10432K, reserved 1048576K
}
Event: 21.950 GC heap before
{Heap before GC invocations=35 (full 0):
 garbage-first heap   total 153600K, used 121636K [0x0000000080000000, 0x0000000100000000)
  region size 1024K, 51 young (52224K), 3 survivors (3072K)
 Metaspace       used 75591K, committed 76288K, reserved 1179648K
  class space    used 10670K, committed 11008K, reserved 1048576K
}
Event: 21.958 GC heap after
{Heap after GC invocations=36 (full 0):
 garbage-first heap   total 153600K, used 75289K [0x0000000080000000, 0x0000000100000000)
  region size 1024K, 6 young (6144K), 6 survivors (6144K)
 Metaspace       used 75591K, committed 76288K, reserved 1179648K
  class space    used 10670K, committed 11008K, reserved 1048576K
}
Event: 21.978 GC heap before
{Heap before GC invocations=36 (full 0):
 garbage-first heap   total 153600K, used 76313K [0x0000000080000000, 0x0000000100000000)
  region size 1024K, 7 young (7168K), 6 survivors (6144K)
 Metaspace       used 75623K, committed 76288K, reserved 1179648K
  class space    used 10675K, committed 11008K, reserved 1048576K
}
Event: 21.985 GC heap after
{Heap after GC invocations=37 (full 0):
 garbage-first heap   total 153600K, used 75241K [0x0000000080000000, 0x0000000100000000)
  region size 1024K, 1 young (1024K), 1 survivors (1024K)
 Metaspace       used 75623K, committed 76288K, reserved 1179648K
  class space    used 10675K, committed 11008K, reserved 1048576K
}
Event: 23.195 GC heap before
{Heap before GC invocations=37 (full 0):
 garbage-first heap   total 153600K, used 123369K [0x0000000080000000, 0x0000000100000000)
  region size 1024K, 48 young (49152K), 1 survivors (1024K)
 Metaspace       used 80052K, committed 80768K, reserved 1179648K
  class space    used 11314K, committed 11648K, reserved 1048576K
}
Event: 23.201 GC heap after
{Heap after GC invocations=38 (full 0):
 garbage-first heap   total 153600K, used 76678K [0x0000000080000000, 0x0000000100000000)
  region size 1024K, 3 young (3072K), 3 survivors (3072K)
 Metaspace       used 80052K, committed 80768K, reserved 1179648K
  class space    used 11314K, committed 11648K, reserved 1048576K
}
Event: 24.067 GC heap before
{Heap before GC invocations=39 (full 0):
 garbage-first heap   total 153600K, used 123782K [0x0000000080000000, 0x0000000100000000)
  region size 1024K, 49 young (50176K), 3 survivors (3072K)
 Metaspace       used 83202K, committed 83968K, reserved 1179648K
  class space    used 11724K, committed 12096K, reserved 1048576K
}
Event: 24.074 GC heap after
{Heap after GC invocations=40 (full 0):
 garbage-first heap   total 153600K, used 79441K [0x0000000080000000, 0x0000000100000000)
  region size 1024K, 5 young (5120K), 5 survivors (5120K)
 Metaspace       used 83202K, committed 83968K, reserved 1179648K
  class space    used 11724K, committed 12096K, reserved 1048576K
}
Event: 24.108 GC heap before
{Heap before GC invocations=40 (full 0):
 garbage-first heap   total 153600K, used 81489K [0x0000000080000000, 0x0000000100000000)
  region size 1024K, 7 young (7168K), 5 survivors (5120K)
 Metaspace       used 83454K, committed 84224K, reserved 1179648K
  class space    used 11749K, committed 12160K, reserved 1048576K
}
Event: 24.113 GC heap after
{Heap after GC invocations=41 (full 0):
 garbage-first heap   total 153600K, used 79370K [0x0000000080000000, 0x0000000100000000)
  region size 1024K, 1 young (1024K), 1 survivors (1024K)
 Metaspace       used 83454K, committed 84224K, reserved 1179648K
  class space    used 11749K, committed 12160K, reserved 1048576K
}
Event: 24.917 GC heap before
{Heap before GC invocations=41 (full 0):
 garbage-first heap   total 153600K, used 125450K [0x0000000080000000, 0x0000000100000000)
  region size 1024K, 46 young (47104K), 1 survivors (1024K)
 Metaspace       used 85842K, committed 86656K, reserved 1179648K
  class space    used 12058K, committed 12480K, reserved 1048576K
}
Event: 24.923 GC heap after
{Heap after GC invocations=42 (full 0):
 garbage-first heap   total 153600K, used 83135K [0x0000000080000000, 0x0000000100000000)
  region size 1024K, 5 young (5120K), 5 survivors (5120K)
 Metaspace       used 85842K, committed 86656K, reserved 1179648K
  class space    used 12058K, committed 12480K, reserved 1048576K
}
Event: 26.019 GC heap before
{Heap before GC invocations=43 (full 0):
 garbage-first heap   total 153600K, used 129215K [0x0000000080000000, 0x0000000100000000)
  region size 1024K, 46 young (47104K), 5 survivors (5120K)
 Metaspace       used 89143K, committed 89984K, reserved 1179648K
  class space    used 12474K, committed 12928K, reserved 1048576K
}
Event: 26.030 GC heap after
{Heap after GC invocations=44 (full 0):
 garbage-first heap   total 153600K, used 88608K [0x0000000080000000, 0x0000000100000000)
  region size 1024K, 6 young (6144K), 6 survivors (6144K)
 Metaspace       used 89143K, committed 89984K, reserved 1179648K
  class space    used 12474K, committed 12928K, reserved 1048576K
}
Event: 26.035 GC heap before
{Heap before GC invocations=44 (full 0):
 garbage-first heap   total 153600K, used 89632K [0x0000000080000000, 0x0000000100000000)
  region size 1024K, 7 young (7168K), 6 survivors (6144K)
 Metaspace       used 89143K, committed 89984K, reserved 1179648K
  class space    used 12474K, committed 12928K, reserved 1048576K
}
Event: 26.041 GC heap after
{Heap after GC invocations=45 (full 0):
 garbage-first heap   total 153600K, used 89174K [0x0000000080000000, 0x0000000100000000)
  region size 1024K, 1 young (1024K), 1 survivors (1024K)
 Metaspace       used 89143K, committed 89984K, reserved 1179648K
  class space    used 12474K, committed 12928K, reserved 1048576K
}
Event: 26.230 GC heap before
{Heap before GC invocations=45 (full 0):
 garbage-first heap   total 153600K, used 126038K [0x0000000080000000, 0x0000000100000000)
  region size 1024K, 37 young (37888K), 1 survivors (1024K)
 Metaspace       used 89149K, committed 90048K, reserved 1179648K
  class space    used 12474K, committed 12928K, reserved 1048576K
}

