# JRE version: OpenJDK Runtime Environment Temurin-17.0.14+7 (17.0.14+7) (build 17.0.14+7)
# Java VM: OpenJDK 64-Bit Server VM Temurin-17.0.14+7 (17.0.14+7, mixed mode, sharing, tiered, compressed oops, compressed class ptrs, g1 gc, windows-amd64)
GC Precious Log:
 CPUs: 8 total, 8 available
 Memory: 6005M
 Large Page Support: Disabled
 NUMA Support: Disabled
 Compressed Oops: Enabled (32-bit)
 Heap Region Size: 1M
 Heap Min Capacity: 8M
 Heap Initial Capacity: 94M
 Heap Max Capacity: 2G
 Pre-touch: Disabled
 Parallel Workers: 8
 Concurrent Workers: 2
 Concurrent Refinement Workers: 8
 Periodic GC: Disabled
Heap:
 garbage-first heap   total 403456K, used 301440K [0x0000000080000000, 0x0000000100000000)
  region size 1024K, 7 young (7168K), 7 survivors (7168K)
 Metaspace       used 104022K, committed 105024K, reserved 1179648K
  class space    used 14177K, committed 14656K, reserved 1048576K
GC Heap History (20 events):
Event: 32.918 GC heap after
{Heap after GC invocations=41 (full 0):
 garbage-first heap   total 376832K, used 143281K [0x0000000080000000, 0x0000000100000000)
  region size 1024K, 17 young (17408K), 17 survivors (17408K)
 Metaspace       used 89538K, committed 90368K, reserved 1179648K
  class space    used 12401K, committed 12800K, reserved 1048576K
}
Event: 34.081 GC heap before
{Heap before GC invocations=41 (full 0):
 garbage-first heap   total 376832K, used 265137K [0x0000000080000000, 0x0000000100000000)
  region size 1024K, 137 young (140288K), 17 survivors (17408K)
 Metaspace       used 93165K, committed 94016K, reserved 1179648K
  class space    used 12727K, committed 13120K, reserved 1048576K
}
Event: 34.100 GC heap after
{Heap after GC invocations=42 (full 0):
 garbage-first heap   total 376832K, used 149948K [0x0000000080000000, 0x0000000100000000)
  region size 1024K, 6 young (6144K), 6 survivors (6144K)
 Metaspace       used 93165K, committed 94016K, reserved 1179648K
  class space    used 12727K, committed 13120K, reserved 1048576K
}
Event: 35.260 GC heap before
{Heap before GC invocations=42 (full 0):
 garbage-first heap   total 376832K, used 278972K [0x0000000080000000, 0x0000000100000000)
  region size 1024K, 133 young (136192K), 6 survivors (6144K)
 Metaspace       used 94691K, committed 95552K, reserved 1179648K
  class space    used 12868K, committed 13312K, reserved 1048576K
}
Event: 35.270 GC heap after
{Heap after GC invocations=43 (full 0):
 garbage-first heap   total 376832K, used 154410K [0x0000000080000000, 0x0000000100000000)
  region size 1024K, 11 young (11264K), 11 survivors (11264K)
 Metaspace       used 94691K, committed 95552K, reserved 1179648K
  class space    used 12868K, committed 13312K, reserved 1048576K
}
Event: 37.422 GC heap before
{Heap before GC invocations=43 (full 0):
 garbage-first heap   total 376832K, used 288554K [0x0000000080000000, 0x0000000100000000)
  region size 1024K, 142 young (145408K), 11 survivors (11264K)
 Metaspace       used 96755K, committed 97664K, reserved 1179648K
  class space    used 13109K, committed 13568K, reserved 1048576K
}
Event: 37.438 GC heap after
{Heap after GC invocations=44 (full 0):
 garbage-first heap   total 376832K, used 160851K [0x0000000080000000, 0x0000000100000000)
  region size 1024K, 12 young (12288K), 12 survivors (12288K)
 Metaspace       used 96755K, committed 97664K, reserved 1179648K
  class space    used 13109K, committed 13568K, reserved 1048576K
}
Event: 39.934 GC heap before
{Heap before GC invocations=44 (full 0):
 garbage-first heap   total 376832K, used 296019K [0x0000000080000000, 0x0000000100000000)
  region size 1024K, 145 young (148480K), 12 survivors (12288K)
 Metaspace       used 97502K, committed 98432K, reserved 1179648K
  class space    used 13184K, committed 13632K, reserved 1048576K
}
Event: 39.952 GC heap after
{Heap after GC invocations=45 (full 0):
 garbage-first heap   total 376832K, used 165232K [0x0000000080000000, 0x0000000100000000)
  region size 1024K, 13 young (13312K), 13 survivors (13312K)
 Metaspace       used 97502K, committed 98432K, reserved 1179648K
  class space    used 13184K, committed 13632K, reserved 1048576K
}
Event: 42.128 GC heap before
{Heap before GC invocations=45 (full 0):
 garbage-first heap   total 376832K, used 303472K [0x0000000080000000, 0x0000000100000000)
  region size 1024K, 109 young (111616K), 13 survivors (13312K)
 Metaspace       used 102637K, committed 103552K, reserved 1179648K
  class space    used 13870K, committed 14336K, reserved 1048576K
}
Event: 42.146 GC heap after
{Heap after GC invocations=46 (full 0):
 garbage-first heap   total 376832K, used 219562K [0x0000000080000000, 0x0000000100000000)
  region size 1024K, 19 young (19456K), 19 survivors (19456K)
 Metaspace       used 102637K, committed 103552K, reserved 1179648K
  class space    used 13870K, committed 14336K, reserved 1048576K
}
Event: 42.318 GC heap before
{Heap before GC invocations=46 (full 0):
 garbage-first heap   total 376832K, used 347562K [0x0000000080000000, 0x0000000100000000)
  region size 1024K, 56 young (57344K), 19 survivors (19456K)
 Metaspace       used 102693K, committed 103616K, reserved 1179648K
  class space    used 13872K, committed 14336K, reserved 1048576K
}
Event: 42.334 GC heap after
{Heap after GC invocations=47 (full 0):
 garbage-first heap   total 385024K, used 270195K [0x0000000080000000, 0x0000000100000000)
  region size 1024K, 13 young (13312K), 13 survivors (13312K)
 Metaspace       used 102693K, committed 103616K, reserved 1179648K
  class space    used 13872K, committed 14336K, reserved 1048576K
}
Event: 43.203 GC heap before
{Heap before GC invocations=48 (full 0):
 garbage-first heap   total 403456K, used 279411K [0x0000000080000000, 0x0000000100000000)
  region size 1024K, 56 young (57344K), 13 survivors (13312K)
 Metaspace       used 102929K, committed 103872K, reserved 1179648K
  class space    used 13910K, committed 14400K, reserved 1048576K
}
Event: 43.241 GC heap after
{Heap after GC invocations=49 (full 0):
 garbage-first heap   total 403456K, used 253171K [0x0000000080000000, 0x0000000100000000)
  region size 1024K, 7 young (7168K), 7 survivors (7168K)
 Metaspace       used 102929K, committed 103872K, reserved 1179648K
  class space    used 13910K, committed 14400K, reserved 1048576K
}
Event: 43.335 GC heap before
{Heap before GC invocations=49 (full 0):
 garbage-first heap   total 403456K, used 265459K [0x0000000080000000, 0x0000000100000000)
  region size 1024K, 19 young (19456K), 7 survivors (7168K)
 Metaspace       used 102929K, committed 103872K, reserved 1179648K
  class space    used 13910K, committed 14400K, reserved 1048576K
}
Event: 43.361 GC heap after
{Heap after GC invocations=50 (full 0):
 garbage-first heap   total 403456K, used 242609K [0x0000000080000000, 0x0000000100000000)
  region size 1024K, 3 young (3072K), 3 survivors (3072K)
 Metaspace       used 102929K, committed 103872K, reserved 1179648K
  class space    used 13910K, committed 14400K, reserved 1048576K
}
Event: 44.106 GC heap before
{Heap before GC invocations=50 (full 0):
 garbage-first heap   total 403456K, used 319409K [0x0000000080000000, 0x0000000100000000)
  region size 1024K, 70 young (71680K), 3 survivors (3072K)
 Metaspace       used 102929K, committed 103872K, reserved 1179648K
  class space    used 13910K, committed 14400K, reserved 1048576K
}
Event: 44.154 GC heap after
{Heap after GC invocations=51 (full 0):
 garbage-first heap   total 403456K, used 277874K [0x0000000080000000, 0x0000000100000000)
  region size 1024K, 9 young (9216K), 9 survivors (9216K)
 Metaspace       used 102929K, committed 103872K, reserved 1179648K
  class space    used 13910K, committed 14400K, reserved 1048576K
}
Event: 44.662 GC heap before
{Heap before GC invocations=51 (full 0):
 garbage-first heap   total 403456K, used 327026K [0x0000000080000000, 0x0000000100000000)
  region size 1024K, 51 young (52224K), 9 survivors (9216K)
 Metaspace       used 104022K, committed 105024K, reserved 1179648K
  class space    used 14177K, committed 14656K, reserved 1048576K
}

