# JRE version: OpenJDK Runtime Environment Temurin-17.0.14+7 (17.0.14+7) (build 17.0.14+7)
# Java VM: OpenJDK 64-Bit Server VM Temurin-17.0.14+7 (17.0.14+7, mixed mode, sharing, tiered, compressed oops, compressed class ptrs, g1 gc, windows-amd64)
GC Precious Log:
 CPUs: 8 total, 8 available
 Memory: 6005M
 Large Page Support: Disabled
 NUMA Support: Disabled
 Compressed Oops: Enabled (32-bit)
 Heap Region Size: 1M
 Heap Min Capacity: 8M
 Heap Initial Capacity: 94M
 Heap Max Capacity: 2G
 Pre-touch: Disabled
 Parallel Workers: 8
 Concurrent Workers: 2
 Concurrent Refinement Workers: 8
 Periodic GC: Disabled
Heap:
 garbage-first heap   total 152576K, used 91267K [0x0000000080000000, 0x0000000100000000)
  region size 1024K, 5 young (5120K), 5 survivors (5120K)
 Metaspace       used 88077K, committed 88896K, reserved 1179648K
  class space    used 12401K, committed 12800K, reserved 1048576K
GC Heap History (20 events):
Event: 19.354 GC heap after
{Heap after GC invocations=38 (full 0):
 garbage-first heap   total 124928K, used 71004K [0x0000000080000000, 0x0000000100000000)
  region size 1024K, 2 young (2048K), 2 survivors (2048K)
 Metaspace       used 71613K, committed 72256K, reserved 1114112K
  class space    used 10073K, committed 10368K, reserved 1048576K
}
Event: 19.944 GC heap before
{Heap before GC invocations=39 (full 0):
 garbage-first heap   total 126976K, used 101724K [0x0000000080000000, 0x0000000100000000)
  region size 1024K, 32 young (32768K), 2 survivors (2048K)
 Metaspace       used 73557K, committed 74240K, reserved 1114112K
  class space    used 10378K, committed 10688K, reserved 1048576K
}
Event: 19.950 GC heap after
{Heap after GC invocations=40 (full 0):
 garbage-first heap   total 126976K, used 72462K [0x0000000080000000, 0x0000000100000000)
  region size 1024K, 3 young (3072K), 3 survivors (3072K)
 Metaspace       used 73557K, committed 74240K, reserved 1114112K
  class space    used 10378K, committed 10688K, reserved 1048576K
}
Event: 20.042 GC heap before
{Heap before GC invocations=40 (full 0):
 garbage-first heap   total 126976K, used 75534K [0x0000000080000000, 0x0000000100000000)
  region size 1024K, 6 young (6144K), 3 survivors (3072K)
 Metaspace       used 73987K, committed 74688K, reserved 1114112K
  class space    used 10437K, committed 10752K, reserved 1048576K
}
Event: 20.047 GC heap after
{Heap after GC invocations=41 (full 0):
 garbage-first heap   total 152576K, used 72188K [0x0000000080000000, 0x0000000100000000)
  region size 1024K, 1 young (1024K), 1 survivors (1024K)
 Metaspace       used 73987K, committed 74688K, reserved 1114112K
  class space    used 10437K, committed 10752K, reserved 1048576K
}
Event: 21.224 GC heap before
{Heap before GC invocations=41 (full 0):
 garbage-first heap   total 152576K, used 124412K [0x0000000080000000, 0x0000000100000000)
  region size 1024K, 52 young (53248K), 1 survivors (1024K)
 Metaspace       used 77731K, committed 78464K, reserved 1179648K
  class space    used 11025K, committed 11392K, reserved 1048576K
}
Event: 21.231 GC heap after
{Heap after GC invocations=42 (full 0):
 garbage-first heap   total 152576K, used 74194K [0x0000000080000000, 0x0000000100000000)
  region size 1024K, 3 young (3072K), 3 survivors (3072K)
 Metaspace       used 77731K, committed 78464K, reserved 1179648K
  class space    used 11025K, committed 11392K, reserved 1048576K
}
Event: 22.501 GC heap before
{Heap before GC invocations=43 (full 0):
 garbage-first heap   total 152576K, used 125394K [0x0000000080000000, 0x0000000100000000)
  region size 1024K, 53 young (54272K), 3 survivors (3072K)
 Metaspace       used 81493K, committed 82240K, reserved 1179648K
  class space    used 11529K, committed 11904K, reserved 1048576K
}
Event: 22.508 GC heap after
{Heap after GC invocations=44 (full 0):
 garbage-first heap   total 152576K, used 78005K [0x0000000080000000, 0x0000000100000000)
  region size 1024K, 7 young (7168K), 7 survivors (7168K)
 Metaspace       used 81493K, committed 82240K, reserved 1179648K
  class space    used 11529K, committed 11904K, reserved 1048576K
}
Event: 22.537 GC heap before
{Heap before GC invocations=44 (full 0):
 garbage-first heap   total 152576K, used 79029K [0x0000000080000000, 0x0000000100000000)
  region size 1024K, 8 young (8192K), 7 survivors (7168K)
 Metaspace       used 81578K, committed 82304K, reserved 1179648K
  class space    used 11538K, committed 11904K, reserved 1048576K
}
Event: 22.545 GC heap after
{Heap after GC invocations=45 (full 0):
 garbage-first heap   total 152576K, used 78026K [0x0000000080000000, 0x0000000100000000)
  region size 1024K, 1 young (1024K), 1 survivors (1024K)
 Metaspace       used 81578K, committed 82304K, reserved 1179648K
  class space    used 11538K, committed 11904K, reserved 1048576K
}
Event: 23.597 GC heap before
{Heap before GC invocations=45 (full 0):
 garbage-first heap   total 152576K, used 126154K [0x0000000080000000, 0x0000000100000000)
  region size 1024K, 48 young (49152K), 1 survivors (1024K)
 Metaspace       used 85032K, committed 85824K, reserved 1179648K
  class space    used 11944K, committed 12352K, reserved 1048576K
}
Event: 23.602 GC heap after
{Heap after GC invocations=46 (full 0):
 garbage-first heap   total 152576K, used 80747K [0x0000000080000000, 0x0000000100000000)
  region size 1024K, 4 young (4096K), 4 survivors (4096K)
 Metaspace       used 85032K, committed 85824K, reserved 1179648K
  class space    used 11944K, committed 12352K, reserved 1048576K
}
Event: 24.802 GC heap before
{Heap before GC invocations=47 (full 0):
 garbage-first heap   total 152576K, used 125803K [0x0000000080000000, 0x0000000100000000)
  region size 1024K, 48 young (49152K), 4 survivors (4096K)
 Metaspace       used 87944K, committed 88768K, reserved 1179648K
  class space    used 12394K, committed 12800K, reserved 1048576K
}
Event: 24.813 GC heap after
{Heap after GC invocations=48 (full 0):
 garbage-first heap   total 152576K, used 85160K [0x0000000080000000, 0x0000000100000000)
  region size 1024K, 5 young (5120K), 5 survivors (5120K)
 Metaspace       used 87944K, committed 88768K, reserved 1179648K
  class space    used 12394K, committed 12800K, reserved 1048576K
}
Event: 25.079 GC heap before
{Heap before GC invocations=48 (full 0):
 garbage-first heap   total 152576K, used 125096K [0x0000000080000000, 0x0000000100000000)
  region size 1024K, 45 young (46080K), 5 survivors (5120K)
 Metaspace       used 87976K, committed 88832K, reserved 1179648K
  class space    used 12394K, committed 12800K, reserved 1048576K
}
Event: 25.087 GC heap after
{Heap after GC invocations=49 (full 0):
 garbage-first heap   total 152576K, used 88378K [0x0000000080000000, 0x0000000100000000)
  region size 1024K, 4 young (4096K), 4 survivors (4096K)
 Metaspace       used 87976K, committed 88832K, reserved 1179648K
  class space    used 12394K, committed 12800K, reserved 1048576K
}
Event: 25.416 GC heap before
{Heap before GC invocations=49 (full 0):
 garbage-first heap   total 152576K, used 125242K [0x0000000080000000, 0x0000000100000000)
  region size 1024K, 41 young (41984K), 4 survivors (4096K)
 Metaspace       used 87988K, committed 88832K, reserved 1179648K
  class space    used 12395K, committed 12800K, reserved 1048576K
}
Event: 25.426 GC heap after
{Heap after GC invocations=50 (full 0):
 garbage-first heap   total 152576K, used 89286K [0x0000000080000000, 0x0000000100000000)
  region size 1024K, 5 young (5120K), 5 survivors (5120K)
 Metaspace       used 87988K, committed 88832K, reserved 1179648K
  class space    used 12395K, committed 12800K, reserved 1048576K
}
Event: 25.756 GC heap before
{Heap before GC invocations=50 (full 0):
 garbage-first heap   total 152576K, used 127174K [0x0000000080000000, 0x0000000100000000)
  region size 1024K, 41 young (41984K), 5 survivors (5120K)
 Metaspace       used 88077K, committed 88896K, reserved 1179648K
  class space    used 12401K, committed 12800K, reserved 1048576K
}

