# JRE version: OpenJDK Runtime Environment Temurin-17.0.14+7 (17.0.14+7) (build 17.0.14+7)
# Java VM: OpenJDK 64-Bit Server VM Temurin-17.0.14+7 (17.0.14+7, mixed mode, sharing, tiered, compressed oops, compressed class ptrs, g1 gc, windows-amd64)
GC Precious Log:
 CPUs: 8 total, 8 available
 Memory: 6005M
 Large Page Support: Disabled
 NUMA Support: Disabled
 Compressed Oops: Enabled (32-bit)
 Heap Region Size: 1M
 Heap Min Capacity: 8M
 Heap Initial Capacity: 94M
 Heap Max Capacity: 2G
 Pre-touch: Disabled
 Parallel Workers: 8
 Concurrent Workers: 2
 Concurrent Refinement Workers: 8
 Periodic GC: Disabled
Heap:
 garbage-first heap   total 500736K, used 99234K [0x0000000080000000, 0x0000000100000000)
  region size 1024K, 17 young (17408K), 5 survivors (5120K)
 Metaspace       used 90182K, committed 91072K, reserved 1179648K
  class space    used 12665K, committed 13120K, reserved 1048576K
GC Heap History (20 events):
Event: 23.235 GC heap before
{Heap before GC invocations=28 (full 0):
 garbage-first heap   total 186368K, used 149401K [0x0000000080000000, 0x0000000100000000)
  region size 1024K, 78 young (79872K), 6 survivors (6144K)
 Metaspace       used 73998K, committed 74688K, reserved 1114112K
  class space    used 10421K, committed 10752K, reserved 1048576K
}
Event: 23.245 GC heap after
{Heap after GC invocations=29 (full 0):
 garbage-first heap   total 186368K, used 78318K [0x0000000080000000, 0x0000000100000000)
  region size 1024K, 8 young (8192K), 8 survivors (8192K)
 Metaspace       used 73998K, committed 74688K, reserved 1114112K
  class space    used 10421K, committed 10752K, reserved 1048576K
}
Event: 24.915 GC heap before
{Heap before GC invocations=29 (full 0):
 garbage-first heap   total 186368K, used 152046K [0x0000000080000000, 0x0000000100000000)
  region size 1024K, 80 young (81920K), 8 survivors (8192K)
 Metaspace       used 79411K, committed 80192K, reserved 1179648K
  class space    used 11246K, committed 11648K, reserved 1048576K
}
Event: 24.926 GC heap after
{Heap after GC invocations=30 (full 0):
 garbage-first heap   total 186368K, used 81910K [0x0000000080000000, 0x0000000100000000)
  region size 1024K, 7 young (7168K), 7 survivors (7168K)
 Metaspace       used 79411K, committed 80192K, reserved 1179648K
  class space    used 11246K, committed 11648K, reserved 1048576K
}
Event: 26.704 GC heap before
{Heap before GC invocations=30 (full 0):
 garbage-first heap   total 186368K, used 151542K [0x0000000080000000, 0x0000000100000000)
  region size 1024K, 76 young (77824K), 7 survivors (7168K)
 Metaspace       used 84895K, committed 85696K, reserved 1179648K
  class space    used 12009K, committed 12416K, reserved 1048576K
}
Event: 26.718 GC heap after
{Heap after GC invocations=31 (full 0):
 garbage-first heap   total 186368K, used 88139K [0x0000000080000000, 0x0000000100000000)
  region size 1024K, 10 young (10240K), 10 survivors (10240K)
 Metaspace       used 84895K, committed 85696K, reserved 1179648K
  class space    used 12009K, committed 12416K, reserved 1048576K
}
Event: 27.158 GC heap before
{Heap before GC invocations=31 (full 0):
 garbage-first heap   total 186368K, used 151627K [0x0000000080000000, 0x0000000100000000)
  region size 1024K, 73 young (74752K), 10 survivors (10240K)
 Metaspace       used 84966K, committed 85760K, reserved 1179648K
  class space    used 12015K, committed 12416K, reserved 1048576K
}
Event: 27.170 GC heap after
{Heap after GC invocations=32 (full 0):
 garbage-first heap   total 186368K, used 92048K [0x0000000080000000, 0x0000000100000000)
  region size 1024K, 5 young (5120K), 5 survivors (5120K)
 Metaspace       used 84966K, committed 85760K, reserved 1179648K
  class space    used 12015K, committed 12416K, reserved 1048576K
}
Event: 27.645 GC heap before
{Heap before GC invocations=32 (full 0):
 garbage-first heap   total 186368K, used 133008K [0x0000000080000000, 0x0000000100000000)
  region size 1024K, 46 young (47104K), 5 survivors (5120K)
 Metaspace       used 85030K, committed 85824K, reserved 1179648K
  class space    used 12021K, committed 12416K, reserved 1048576K
}
Event: 27.652 GC heap after
{Heap after GC invocations=33 (full 0):
 garbage-first heap   total 186368K, used 92773K [0x0000000080000000, 0x0000000100000000)
  region size 1024K, 6 young (6144K), 6 survivors (6144K)
 Metaspace       used 85030K, committed 85824K, reserved 1179648K
  class space    used 12021K, committed 12416K, reserved 1048576K
}
Event: 28.691 GC heap before
{Heap before GC invocations=34 (full 0):
 garbage-first heap   total 186368K, used 136805K [0x0000000080000000, 0x0000000100000000)
  region size 1024K, 42 young (43008K), 6 survivors (6144K)
 Metaspace       used 86276K, committed 87168K, reserved 1179648K
  class space    used 12149K, committed 12608K, reserved 1048576K
}
Event: 28.785 GC heap after
{Heap after GC invocations=35 (full 1):
 garbage-first heap   total 186368K, used 80285K [0x0000000080000000, 0x0000000100000000)
  region size 1024K, 0 young (0K), 0 survivors (0K)
 Metaspace       used 86276K, committed 87168K, reserved 1179648K
  class space    used 12149K, committed 12608K, reserved 1048576K
}
Event: 28.930 GC heap before
{Heap before GC invocations=35 (full 1):
 garbage-first heap   total 186368K, used 80285K [0x0000000080000000, 0x0000000100000000)
  region size 1024K, 1 young (1024K), 0 survivors (0K)
 Metaspace       used 86276K, committed 87168K, reserved 1179648K
  class space    used 12149K, committed 12608K, reserved 1048576K
}
Event: 29.006 GC heap after
{Heap after GC invocations=36 (full 2):
 garbage-first heap   total 186368K, used 80290K [0x0000000080000000, 0x0000000100000000)
  region size 1024K, 0 young (0K), 0 survivors (0K)
 Metaspace       used 86276K, committed 87168K, reserved 1179648K
  class space    used 12149K, committed 12608K, reserved 1048576K
}
Event: 30.193 GC heap before
{Heap before GC invocations=36 (full 2):
 garbage-first heap   total 186368K, used 150946K [0x0000000080000000, 0x0000000100000000)
  region size 1024K, 70 young (71680K), 0 survivors (0K)
 Metaspace       used 87868K, committed 88768K, reserved 1179648K
  class space    used 12364K, committed 12800K, reserved 1048576K
}
Event: 30.199 GC heap after
{Heap after GC invocations=37 (full 2):
 garbage-first heap   total 186368K, used 84627K [0x0000000080000000, 0x0000000100000000)
  region size 1024K, 5 young (5120K), 5 survivors (5120K)
 Metaspace       used 87868K, committed 88768K, reserved 1179648K
  class space    used 12364K, committed 12800K, reserved 1048576K
}
Event: 30.813 GC heap before
{Heap before GC invocations=37 (full 2):
 garbage-first heap   total 186368K, used 135827K [0x0000000080000000, 0x0000000100000000)
  region size 1024K, 57 young (58368K), 5 survivors (5120K)
 Metaspace       used 87929K, committed 88832K, reserved 1179648K
  class space    used 12369K, committed 12800K, reserved 1048576K
}
Event: 30.894 GC heap after
{Heap after GC invocations=38 (full 3):
 garbage-first heap   total 186368K, used 83352K [0x0000000080000000, 0x0000000100000000)
  region size 1024K, 0 young (0K), 0 survivors (0K)
 Metaspace       used 87929K, committed 88832K, reserved 1179648K
  class space    used 12369K, committed 12800K, reserved 1048576K
}
Event: 78.930 GC heap before
{Heap before GC invocations=38 (full 3):
 garbage-first heap   total 186368K, used 149912K [0x0000000080000000, 0x0000000100000000)
  region size 1024K, 66 young (67584K), 0 survivors (0K)
 Metaspace       used 90175K, committed 91072K, reserved 1179648K
  class space    used 12664K, committed 13120K, reserved 1048576K
}
Event: 78.943 GC heap after
{Heap after GC invocations=39 (full 3):
 garbage-first heap   total 500736K, used 87970K [0x0000000080000000, 0x0000000100000000)
  region size 1024K, 5 young (5120K), 5 survivors (5120K)
 Metaspace       used 90175K, committed 91072K, reserved 1179648K
  class space    used 12664K, committed 13120K, reserved 1048576K
}

