# JRE version: OpenJDK Runtime Environment Temurin-17.0.14+7 (17.0.14+7) (build 17.0.14+7)
# Java VM: OpenJDK 64-Bit Server VM Temurin-17.0.14+7 (17.0.14+7, mixed mode, sharing, tiered, compressed oops, compressed class ptrs, g1 gc, windows-amd64)
GC Precious Log:
 CPUs: 8 total, 8 available
 Memory: 6005M
 Large Page Support: Disabled
 NUMA Support: Disabled
 Compressed Oops: Enabled (32-bit)
 Heap Region Size: 1M
 Heap Min Capacity: 8M
 Heap Initial Capacity: 94M
 Heap Max Capacity: 2G
 Pre-touch: Disabled
 Parallel Workers: 8
 Concurrent Workers: 2
 Concurrent Refinement Workers: 8
 Periodic GC: Disabled
Heap:
 garbage-first heap   total 408576K, used 299008K [0x0000000080000000, 0x0000000100000000)
  region size 1024K, 7 young (7168K), 7 survivors (7168K)
 Metaspace       used 104278K, committed 105152K, reserved 1179648K
  class space    used 14365K, committed 14784K, reserved 1048576K
GC Heap History (20 events):
Event: 30.885 GC heap after
{Heap after GC invocations=42 (full 0):
 garbage-first heap   total 368640K, used 134874K [0x0000000080000000, 0x0000000100000000)
  region size 1024K, 3 young (3072K), 3 survivors (3072K)
 Metaspace       used 88713K, committed 89536K, reserved 1179648K
  class space    used 12339K, committed 12736K, reserved 1048576K
}
Event: 32.767 GC heap before
{Heap before GC invocations=42 (full 0):
 garbage-first heap   total 368640K, used 287450K [0x0000000080000000, 0x0000000100000000)
  region size 1024K, 125 young (128000K), 3 survivors (3072K)
 Metaspace       used 92520K, committed 93376K, reserved 1179648K
  class space    used 12683K, committed 13120K, reserved 1048576K
}
Event: 32.795 GC heap after
{Heap after GC invocations=43 (full 0):
 garbage-first heap   total 368640K, used 149483K [0x0000000080000000, 0x0000000100000000)
  region size 1024K, 16 young (16384K), 16 survivors (16384K)
 Metaspace       used 92520K, committed 93376K, reserved 1179648K
  class space    used 12683K, committed 13120K, reserved 1048576K
}
Event: 34.292 GC heap before
{Heap before GC invocations=43 (full 0):
 garbage-first heap   total 368640K, used 278507K [0x0000000080000000, 0x0000000100000000)
  region size 1024K, 143 young (146432K), 16 survivors (16384K)
 Metaspace       used 93764K, committed 94592K, reserved 1179648K
  class space    used 12794K, committed 13184K, reserved 1048576K
}
Event: 34.313 GC heap after
{Heap after GC invocations=44 (full 0):
 garbage-first heap   total 368640K, used 157833K [0x0000000080000000, 0x0000000100000000)
  region size 1024K, 11 young (11264K), 11 survivors (11264K)
 Metaspace       used 93764K, committed 94592K, reserved 1179648K
  class space    used 12794K, committed 13184K, reserved 1048576K
}
Event: 36.898 GC heap before
{Heap before GC invocations=44 (full 0):
 garbage-first heap   total 368640K, used 282761K [0x0000000080000000, 0x0000000100000000)
  region size 1024K, 133 young (136192K), 11 survivors (11264K)
 Metaspace       used 96320K, committed 97216K, reserved 1179648K
  class space    used 13062K, committed 13504K, reserved 1048576K
}
Event: 36.910 GC heap after
{Heap after GC invocations=45 (full 0):
 garbage-first heap   total 368640K, used 157988K [0x0000000080000000, 0x0000000100000000)
  region size 1024K, 7 young (7168K), 7 survivors (7168K)
 Metaspace       used 96320K, committed 97216K, reserved 1179648K
  class space    used 13062K, committed 13504K, reserved 1048576K
}
Event: 38.529 GC heap before
{Heap before GC invocations=45 (full 0):
 garbage-first heap   total 368640K, used 289060K [0x0000000080000000, 0x0000000100000000)
  region size 1024K, 136 young (139264K), 7 survivors (7168K)
 Metaspace       used 98026K, committed 99008K, reserved 1179648K
  class space    used 13282K, committed 13760K, reserved 1048576K
}
Event: 38.541 GC heap after
{Heap after GC invocations=46 (full 0):
 garbage-first heap   total 368640K, used 161571K [0x0000000080000000, 0x0000000100000000)
  region size 1024K, 10 young (10240K), 10 survivors (10240K)
 Metaspace       used 98026K, committed 99008K, reserved 1179648K
  class space    used 13282K, committed 13760K, reserved 1048576K
}
Event: 40.569 GC heap before
{Heap before GC invocations=46 (full 0):
 garbage-first heap   total 368640K, used 316195K [0x0000000080000000, 0x0000000100000000)
  region size 1024K, 113 young (115712K), 10 survivors (10240K)
 Metaspace       used 101869K, committed 102784K, reserved 1179648K
  class space    used 13810K, committed 14272K, reserved 1048576K
}
Event: 40.586 GC heap after
{Heap after GC invocations=47 (full 0):
 garbage-first heap   total 368640K, used 220849K [0x0000000080000000, 0x0000000100000000)
  region size 1024K, 18 young (18432K), 18 survivors (18432K)
 Metaspace       used 101869K, committed 102784K, reserved 1179648K
  class space    used 13810K, committed 14272K, reserved 1048576K
}
Event: 40.721 GC heap before
{Heap before GC invocations=47 (full 0):
 garbage-first heap   total 368640K, used 339633K [0x0000000080000000, 0x0000000100000000)
  region size 1024K, 55 young (56320K), 18 survivors (18432K)
 Metaspace       used 101954K, committed 102912K, reserved 1179648K
  class space    used 13817K, committed 14272K, reserved 1048576K
}
Event: 40.734 GC heap after
{Heap after GC invocations=48 (full 0):
 garbage-first heap   total 377856K, used 268833K [0x0000000080000000, 0x0000000100000000)
  region size 1024K, 12 young (12288K), 12 survivors (12288K)
 Metaspace       used 101954K, committed 102912K, reserved 1179648K
  class space    used 13817K, committed 14272K, reserved 1048576K
}
Event: 41.170 GC heap before
{Heap before GC invocations=49 (full 0):
 garbage-first heap   total 408576K, used 283169K [0x0000000080000000, 0x0000000100000000)
  region size 1024K, 51 young (52224K), 12 survivors (12288K)
 Metaspace       used 102100K, committed 102976K, reserved 1179648K
  class space    used 13851K, committed 14272K, reserved 1048576K
}
Event: 41.398 GC heap after
{Heap after GC invocations=50 (full 0):
 garbage-first heap   total 408576K, used 258764K [0x0000000080000000, 0x0000000100000000)
  region size 1024K, 7 young (7168K), 7 survivors (7168K)
 Metaspace       used 102100K, committed 102976K, reserved 1179648K
  class space    used 13851K, committed 14272K, reserved 1048576K
}
Event: 41.480 GC heap before
{Heap before GC invocations=50 (full 0):
 garbage-first heap   total 408576K, used 270028K [0x0000000080000000, 0x0000000100000000)
  region size 1024K, 19 young (19456K), 7 survivors (7168K)
 Metaspace       used 102100K, committed 102976K, reserved 1179648K
  class space    used 13851K, committed 14272K, reserved 1048576K
}
Event: 41.499 GC heap after
{Heap after GC invocations=51 (full 0):
 garbage-first heap   total 408576K, used 240020K [0x0000000080000000, 0x0000000100000000)
  region size 1024K, 3 young (3072K), 3 survivors (3072K)
 Metaspace       used 102100K, committed 102976K, reserved 1179648K
  class space    used 13851K, committed 14272K, reserved 1048576K
}
Event: 42.152 GC heap before
{Heap before GC invocations=51 (full 0):
 garbage-first heap   total 408576K, used 331156K [0x0000000080000000, 0x0000000100000000)
  region size 1024K, 81 young (82944K), 3 survivors (3072K)
 Metaspace       used 102114K, committed 102976K, reserved 1179648K
  class space    used 13852K, committed 14272K, reserved 1048576K
}
Event: 42.202 GC heap after
{Heap after GC invocations=52 (full 0):
 garbage-first heap   total 408576K, used 281600K [0x0000000080000000, 0x0000000100000000)
  region size 1024K, 11 young (11264K), 11 survivors (11264K)
 Metaspace       used 102114K, committed 102976K, reserved 1179648K
  class space    used 13852K, committed 14272K, reserved 1048576K
}
Event: 42.734 GC heap before
{Heap before GC invocations=52 (full 0):
 garbage-first heap   total 408576K, used 328704K [0x0000000080000000, 0x0000000100000000)
  region size 1024K, 54 young (55296K), 11 survivors (11264K)
 Metaspace       used 104278K, committed 105152K, reserved 1179648K
  class space    used 14365K, committed 14784K, reserved 1048576K
}

