# JRE version: OpenJDK Runtime Environment Temurin-17.0.14+7 (17.0.14+7) (build 17.0.14+7)
# Java VM: OpenJDK 64-Bit Server VM Temurin-17.0.14+7 (17.0.14+7, mixed mode, sharing, tiered, compressed oops, compressed class ptrs, g1 gc, windows-amd64)
GC Precious Log:
 CPUs: 8 total, 8 available
 Memory: 6005M
 Large Page Support: Disabled
 NUMA Support: Disabled
 Compressed Oops: Enabled (32-bit)
 Heap Region Size: 1M
 Heap Min Capacity: 8M
 Heap Initial Capacity: 94M
 Heap Max Capacity: 2G
 Pre-touch: Disabled
 Parallel Workers: 8
 Concurrent Workers: 2
 Concurrent Refinement Workers: 8
 Periodic GC: Disabled
Heap:
 garbage-first heap   total 460800K, used 318034K [0x0000000080000000, 0x0000000100000000)
  region size 1024K, 49 young (50176K), 15 survivors (15360K)
 Metaspace       used 103265K, committed 104192K, reserved 1179648K
  class space    used 13921K, committed 14400K, reserved 1048576K
GC Heap History (20 events):
Event: 26.509 GC heap before
{Heap before GC invocations=34 (full 0):
 garbage-first heap   total 220160K, used 176396K [0x0000000080000000, 0x0000000100000000)
  region size 1024K, 102 young (104448K), 13 survivors (13312K)
 Metaspace       used 86359K, committed 87232K, reserved 1179648K
  class space    used 12129K, committed 12544K, reserved 1048576K
}
Event: 26.524 GC heap after
{Heap after GC invocations=35 (full 0):
 garbage-first heap   total 220160K, used 89735K [0x0000000080000000, 0x0000000100000000)
  region size 1024K, 6 young (6144K), 6 survivors (6144K)
 Metaspace       used 86359K, committed 87232K, reserved 1179648K
  class space    used 12129K, committed 12544K, reserved 1048576K
}
Event: 29.072 GC heap before
{Heap before GC invocations=35 (full 0):
 garbage-first heap   total 220160K, used 178823K [0x0000000080000000, 0x0000000100000000)
  region size 1024K, 93 young (95232K), 6 survivors (6144K)
 Metaspace       used 88436K, committed 89344K, reserved 1179648K
  class space    used 12297K, committed 12736K, reserved 1048576K
}
Event: 29.088 GC heap after
{Heap after GC invocations=36 (full 0):
 garbage-first heap   total 220160K, used 101193K [0x0000000080000000, 0x0000000100000000)
  region size 1024K, 12 young (12288K), 12 survivors (12288K)
 Metaspace       used 88436K, committed 89344K, reserved 1179648K
  class space    used 12297K, committed 12736K, reserved 1048576K
}
Event: 30.725 GC heap before
{Heap before GC invocations=36 (full 0):
 garbage-first heap   total 220160K, used 191305K [0x0000000080000000, 0x0000000100000000)
  region size 1024K, 84 young (86016K), 12 survivors (12288K)
 Metaspace       used 88935K, committed 89856K, reserved 1179648K
  class space    used 12342K, committed 12800K, reserved 1048576K
}
Event: 30.751 GC heap after
{Heap after GC invocations=37 (full 0):
 garbage-first heap   total 230400K, used 128264K [0x0000000080000000, 0x0000000100000000)
  region size 1024K, 11 young (11264K), 11 survivors (11264K)
 Metaspace       used 88935K, committed 89856K, reserved 1179648K
  class space    used 12342K, committed 12800K, reserved 1048576K
}
Event: 31.756 GC heap before
{Heap before GC invocations=37 (full 0):
 garbage-first heap   total 230400K, used 180488K [0x0000000080000000, 0x0000000100000000)
  region size 1024K, 59 young (60416K), 11 survivors (11264K)
 Metaspace       used 89110K, committed 89984K, reserved 1179648K
  class space    used 12350K, committed 12800K, reserved 1048576K
}
Event: 31.774 GC heap after
{Heap after GC invocations=38 (full 0):
 garbage-first heap   total 230400K, used 143346K [0x0000000080000000, 0x0000000100000000)
  region size 1024K, 8 young (8192K), 8 survivors (8192K)
 Metaspace       used 89110K, committed 89984K, reserved 1179648K
  class space    used 12350K, committed 12800K, reserved 1048576K
}
Event: 32.143 GC heap before
{Heap before GC invocations=38 (full 0):
 garbage-first heap   total 230400K, used 207858K [0x0000000080000000, 0x0000000100000000)
  region size 1024K, 46 young (47104K), 8 survivors (8192K)
 Metaspace       used 89493K, committed 90432K, reserved 1179648K
  class space    used 12377K, committed 12864K, reserved 1048576K
}
Event: 32.156 GC heap after
{Heap after GC invocations=39 (full 0):
 garbage-first heap   total 230400K, used 149254K [0x0000000080000000, 0x0000000100000000)
  region size 1024K, 6 young (6144K), 6 survivors (6144K)
 Metaspace       used 89493K, committed 90432K, reserved 1179648K
  class space    used 12377K, committed 12864K, reserved 1048576K
}
Event: 32.472 GC heap before
{Heap before GC invocations=39 (full 0):
 garbage-first heap   total 230400K, used 184070K [0x0000000080000000, 0x0000000100000000)
  region size 1024K, 41 young (41984K), 6 survivors (6144K)
 Metaspace       used 91202K, committed 92096K, reserved 1179648K
  class space    used 12522K, committed 12992K, reserved 1048576K
}
Event: 32.484 GC heap after
{Heap after GC invocations=40 (full 0):
 garbage-first heap   total 460800K, used 156436K [0x0000000080000000, 0x0000000100000000)
  region size 1024K, 6 young (6144K), 6 survivors (6144K)
 Metaspace       used 91202K, committed 92096K, reserved 1179648K
  class space    used 12522K, committed 12992K, reserved 1048576K
}
Event: 34.572 GC heap before
{Heap before GC invocations=40 (full 0):
 garbage-first heap   total 460800K, used 330516K [0x0000000080000000, 0x0000000100000000)
  region size 1024K, 177 young (181248K), 6 survivors (6144K)
 Metaspace       used 94153K, committed 95104K, reserved 1179648K
  class space    used 12783K, committed 13248K, reserved 1048576K
}
Event: 34.589 GC heap after
{Heap after GC invocations=41 (full 0):
 garbage-first heap   total 460800K, used 153201K [0x0000000080000000, 0x0000000100000000)
  region size 1024K, 3 young (3072K), 3 survivors (3072K)
 Metaspace       used 94153K, committed 95104K, reserved 1179648K
  class space    used 12783K, committed 13248K, reserved 1048576K
}
Event: 38.772 GC heap before
{Heap before GC invocations=41 (full 0):
 garbage-first heap   total 460800K, used 374385K [0x0000000080000000, 0x0000000100000000)
  region size 1024K, 219 young (224256K), 3 survivors (3072K)
 Metaspace       used 98231K, committed 99072K, reserved 1179648K
  class space    used 13252K, committed 13696K, reserved 1048576K
}
Event: 38.793 GC heap after
{Heap after GC invocations=42 (full 0):
 garbage-first heap   total 460800K, used 161716K [0x0000000080000000, 0x0000000100000000)
  region size 1024K, 12 young (12288K), 12 survivors (12288K)
 Metaspace       used 98231K, committed 99072K, reserved 1179648K
  class space    used 13252K, committed 13696K, reserved 1048576K
}
Event: 41.836 GC heap before
{Heap before GC invocations=42 (full 0):
 garbage-first heap   total 460800K, used 421812K [0x0000000080000000, 0x0000000100000000)
  region size 1024K, 215 young (220160K), 12 survivors (12288K)
 Metaspace       used 102953K, committed 103872K, reserved 1179648K
  class space    used 13881K, committed 14336K, reserved 1048576K
}
Event: 41.910 GC heap after
{Heap after GC invocations=43 (full 0):
 garbage-first heap   total 460800K, used 227857K [0x0000000080000000, 0x0000000100000000)
  region size 1024K, 28 young (28672K), 28 survivors (28672K)
 Metaspace       used 102953K, committed 103872K, reserved 1179648K
  class space    used 13881K, committed 14336K, reserved 1048576K
}
Event: 42.061 GC heap before
{Heap before GC invocations=43 (full 0):
 garbage-first heap   total 460800K, used 312849K [0x0000000080000000, 0x0000000100000000)
  region size 1024K, 56 young (57344K), 28 survivors (28672K)
 Metaspace       used 102962K, committed 103872K, reserved 1179648K
  class space    used 13881K, committed 14336K, reserved 1048576K
}
Event: 42.078 GC heap after
{Heap after GC invocations=44 (full 0):
 garbage-first heap   total 460800K, used 263762K [0x0000000080000000, 0x0000000100000000)
  region size 1024K, 15 young (15360K), 15 survivors (15360K)
 Metaspace       used 102962K, committed 103872K, reserved 1179648K
  class space    used 13881K, committed 14336K, reserved 1048576K
}

